<?xml version="1.0" encoding="UTF-8"?>
<!-- Generated by org.testng.reporters.JUnitXMLReporter -->
<testsuite ignored="0" hostname="LTIN188526" failures="1" tests="21" name="SearchFilters" time="340.771" errors="0" timestamp="2024-03-05T11:24:57 IST">
  <testcase classname="testCases.TC_SearchDoctors" name="validatePractoPage" time="0.126"/>
  <testcase classname="testCases.TC_SearchDoctors" name="searchDoctorSpeciality" time="21.672"/>
  <testcase classname="testCases.TC_SearchDoctors" name="searchLocation" time="9.67"/>
  <testcase classname="testCases.TC_SearchDoctors" name="patientStoriesFilter" time="5.219"/>
  <testcase classname="testCases.TC_SearchDoctors" name="experienceFilter" time="5.331"/>
  <testcase classname="testCases.TC_SearchDoctors" name="feesandAvailabilityFilters" time="8.198"/>
  <testcase classname="testCases.TC_SearchDoctors" name="sorting" time="7.255"/>
  <testcase classname="testCases.TC_SearchDoctors" name="PrintDoctorDetails" time="1.808"/>
  <testcase classname="testCases.TC_Surgeries" name="displaySurgeries" time="17.454"/>
  <testcase classname="testCases.TC_Surgeries" name="validatepage" time="0.148"/>
  <testcase classname="testCases.TC_Surgeries" name="printsurgery" time="6.246"/>
  <testcase classname="testCases.TC_ScheduleDemoForm" name="ForCorporatesDrpDown" time="0.329"/>
  <testcase classname="testCases.TC_ScheduleDemoForm" name="selectHealthandWellnessPlans" time="26.825"/>
  <testcase classname="testCases.TC_ScheduleDemoForm" name="validatePage" time="0.254"/>
  <testcase classname="testCases.TC_ScheduleDemoForm" name="inValidDetails" time="4.937"/>
  <testcase classname="testCases.TC_ScheduleDemoForm" name="validateScheduleButtonEnabled" time="0.098"/>
  <testcase classname="testCases.TC_ScheduleDemoForm" name="printErrorMessage" time="0.219"/>
  <testcase classname="testCases.TC_ScheduleDemoForm" name="clearEmailId" time="0.113"/>
  <testcase classname="testCases.TC_ScheduleDemoForm" name="validEmailId" time="0.21"/>
  <testcase classname="testCases.TC_ScheduleDemoForm" name="clickScheduleButtonEnabled" time="13.852"/>
  <testcase classname="testCases.TC_ScheduleDemoForm" name="validateThankYouMessage" time="101.402">
    <failure type="org.openqa.selenium.TimeoutException" message="Expected condition failed: waiting for visibility of Proxy element for: DefaultElementLocator &amp;apos;By.xpath: (//div[@class=&amp;apos;u-text--bold text-alpha&amp;apos;][normalize-space()=&amp;apos;THANK YOU&amp;apos;])&amp;apos; (tried for 60 second(s) with 500 milliseconds interval)">
      <![CDATA[org.openqa.selenium.TimeoutException: Expected condition failed: waiting for visibility of Proxy element for: DefaultElementLocator 'By.xpath: (//div[@class='u-text--bold text-alpha'][normalize-space()='THANK YOU'])' (tried for 60 second(s) with 500 milliseconds interval)
at org.openqa.selenium.support.ui.WebDriverWait.timeoutException(WebDriverWait.java:84)
at org.openqa.selenium.support.ui.FluentWait.until(FluentWait.java:228)
at pageObjects.ScheduleDemoForm.thankYou(ScheduleDemoForm.java:221)
at testCases.TC_ScheduleDemoForm.validateThankYouMessage(TC_ScheduleDemoForm.java:71)
at java.base/java.util.ArrayList.forEach(ArrayList.java:1511)
Caused by: org.openqa.selenium.NoSuchElementException: no such element: Unable to locate element: {"method":"xpath","selector":"(//div[@class='u-text--bold text-alpha'][normalize-space()='THANK YOU'])"}
  (Session info: chrome=120.0.6099.130)
For documentation on this error, please visit: https://www.selenium.dev/documentation/webdriver/troubleshooting/errors#no-such-element-exception
Build info: version: '4.18.1', revision: 'b1d3319b48'
System info: os.name: 'Windows 11', os.arch: 'amd64', os.version: '10.0', java.version: '17.0.9'
Driver info: org.openqa.selenium.chrome.ChromeDriver
Command: [6308c75721828e23980c0b4d7d8ace7e, findElement {value=(//div[@class='u-text--bold text-alpha'][normalize-space()='THANK YOU']), using=xpath}]
Capabilities {acceptInsecureCerts: false, browserName: chrome, browserVersion: 120.0.6099.130, chrome: {chromedriverVersion: 120.0.6099.109 (3419140ab66..., userDataDir: C:\Windows\SystemTemp\scope...}, fedcm:accounts: true, goog:chromeOptions: {debuggerAddress: localhost:49399}, networkConnectionEnabled: false, pageLoadStrategy: normal, platformName: windows, proxy: Proxy(), se:cdp: ws://localhost:49399/devtoo..., se:cdpVersion: 120.0.6099.130, setWindowRect: true, strictFileInteractability: false, timeouts: {implicit: 0, pageLoad: 300000, script: 30000}, unhandledPromptBehavior: dismiss and notify, webauthn:extension:credBlob: true, webauthn:extension:largeBlob: true, webauthn:extension:minPinLength: true, webauthn:extension:prf: true, webauthn:virtualAuthenticators: true}
Session ID: 6308c75721828e23980c0b4d7d8ace7e
at org.openqa.selenium.remote.ErrorCodec.decode(ErrorCodec.java:167)
at org.openqa.selenium.remote.codec.w3c.W3CHttpResponseCodec.decode(W3CHttpResponseCodec.java:138)
at org.openqa.selenium.remote.codec.w3c.W3CHttpResponseCodec.decode(W3CHttpResponseCodec.java:50)
at org.openqa.selenium.remote.HttpCommandExecutor.execute(HttpCommandExecutor.java:190)
at org.openqa.selenium.remote.service.DriverCommandExecutor.invokeExecute(DriverCommandExecutor.java:216)
at org.openqa.selenium.remote.service.DriverCommandExecutor.execute(DriverCommandExecutor.java:174)
at org.openqa.selenium.remote.RemoteWebDriver.execute(RemoteWebDriver.java:519)
at org.openqa.selenium.remote.ElementLocation$ElementFinder$2.findElement(ElementLocation.java:165)
at org.openqa.selenium.remote.ElementLocation.findElement(ElementLocation.java:59)
at org.openqa.selenium.remote.RemoteWebDriver.findElement(RemoteWebDriver.java:356)
at org.openqa.selenium.remote.RemoteWebDriver.findElement(RemoteWebDriver.java:350)
at org.openqa.selenium.support.pagefactory.DefaultElementLocator.findElement(DefaultElementLocator.java:68)
at org.openqa.selenium.support.pagefactory.internal.LocatingElementHandler.invoke(LocatingElementHandler.java:38)
at jdk.proxy2/jdk.proxy2.$Proxy29.isDisplayed(Unknown Source)
at org.openqa.selenium.support.ui.ExpectedConditions.elementIfVisible(ExpectedConditions.java:304)
at org.openqa.selenium.support.ui.ExpectedConditions$10.apply(ExpectedConditions.java:290)
at org.openqa.selenium.support.ui.ExpectedConditions$10.apply(ExpectedConditions.java:287)
at org.openqa.selenium.support.ui.FluentWait.until(FluentWait.java:203)
... 30 more
... Removed 32 stack frames]]>
    </failure>
  </testcase> <!-- validateThankYouMessage -->
</testsuite> <!-- SearchFilters -->
