<?xml version="1.0" encoding="UTF-8"?>
<!-- Generated by org.testng.reporters.JUnitXMLReporter -->
<testsuite ignored="0" hostname="LTIN188526" failures="1" tests="21" name="SearchFilters" time="749.46" errors="0" timestamp="2024-03-05T12:37:45 IST">
  <testcase classname="testCases.TC_SearchDoctors" name="validatePractoPage" time="0.218"/>
  <testcase classname="testCases.TC_SearchDoctors" name="searchDoctorSpeciality" time="66.395"/>
  <testcase classname="testCases.TC_SearchDoctors" name="searchLocation" time="10.532"/>
  <testcase classname="testCases.TC_SearchDoctors" name="patientStoriesFilter" time="43.195"/>
  <testcase classname="testCases.TC_SearchDoctors" name="experienceFilter" time="46.211"/>
  <testcase classname="testCases.TC_SearchDoctors" name="feesandAvailabilityFilters" time="46.169"/>
  <testcase classname="testCases.TC_SearchDoctors" name="sorting" time="45.249"/>
  <testcase classname="testCases.TC_SearchDoctors" name="PrintDoctorDetails" time="4.956"/>
  <testcase classname="testCases.TC_Surgeries" name="displaySurgeries" time="17.724"/>
  <testcase classname="testCases.TC_Surgeries" name="validatepage" time="0.202"/>
  <testcase classname="testCases.TC_Surgeries" name="printsurgery" time="10.408"/>
  <testcase classname="testCases.TC_ScheduleDemoForm" name="ForCorporatesDrpDown" time="0.333"/>
  <testcase classname="testCases.TC_ScheduleDemoForm" name="selectHealthandWellnessPlans" time="67.299"/>
  <testcase classname="testCases.TC_ScheduleDemoForm" name="validatePage" time="0.131"/>
  <testcase classname="testCases.TC_ScheduleDemoForm" name="inValidDetails" time="5.433"/>
  <testcase classname="testCases.TC_ScheduleDemoForm" name="validateScheduleButtonEnabled" time="0.117"/>
  <testcase classname="testCases.TC_ScheduleDemoForm" name="printErrorMessage" time="0.373"/>
  <testcase classname="testCases.TC_ScheduleDemoForm" name="clearEmailId" time="0.224"/>
  <testcase classname="testCases.TC_ScheduleDemoForm" name="validEmailId" time="0.447"/>
  <testcase classname="testCases.TC_ScheduleDemoForm" name="clickScheduleButtonEnabled" time="0.358"/>
  <testcase classname="testCases.TC_ScheduleDemoForm" name="validateThankYouMessage" time="101.318">
    <failure type="org.openqa.selenium.TimeoutException" message="Expected condition failed: waiting for visibility of Proxy element for: DefaultElementLocator &amp;apos;By.xpath: (//div[@class=&amp;apos;u-text--bold text-alpha&amp;apos;][normalize-space()=&amp;apos;THANK YOU&amp;apos;])&amp;apos; (tried for 60 second(s) with 500 milliseconds interval)">
      <![CDATA[org.openqa.selenium.TimeoutException: Expected condition failed: waiting for visibility of Proxy element for: DefaultElementLocator 'By.xpath: (//div[@class='u-text--bold text-alpha'][normalize-space()='THANK YOU'])' (tried for 60 second(s) with 500 milliseconds interval)
at org.openqa.selenium.support.ui.WebDriverWait.timeoutException(WebDriverWait.java:84)
at org.openqa.selenium.support.ui.FluentWait.until(FluentWait.java:228)
at pageObjects.ScheduleDemoForm.thankYou(ScheduleDemoForm.java:221)
at testCases.TC_ScheduleDemoForm.validateThankYouMessage(TC_ScheduleDemoForm.java:71)
at java.base/java.util.ArrayList.forEach(ArrayList.java:1511)
Caused by: org.openqa.selenium.NoSuchElementException: no such element: Unable to locate element: {"method":"xpath","selector":"(//div[@class='u-text--bold text-alpha'][normalize-space()='THANK YOU'])"}
  (Session info: MicrosoftEdge=122.0.2365.59)
For documentation on this error, please visit: https://www.selenium.dev/documentation/webdriver/troubleshooting/errors#no-such-element-exception
Build info: version: '4.18.1', revision: 'b1d3319b48'
System info: os.name: 'Windows 11', os.arch: 'amd64', os.version: '10.0', java.version: '17.0.9'
Driver info: org.openqa.selenium.edge.EdgeDriver
Command: [5f66e34ca1b51ea0b4c82e4315e2581e, findElement {using=xpath, value=(//div[@class='u-text--bold text-alpha'][normalize-space()='THANK YOU'])}]
Capabilities {acceptInsecureCerts: false, browserName: MicrosoftEdge, browserVersion: 122.0.2365.59, fedcm:accounts: true, ms:edgeOptions: {debuggerAddress: localhost:64283}, msedge: {msedgedriverVersion: 122.0.2365.66 (ab363614b8f0..., userDataDir: C:\Windows\SystemTemp\scope...}, networkConnectionEnabled: false, pageLoadStrategy: normal, platformName: windows, proxy: Proxy(), se:cdp: ws://localhost:64283/devtoo..., se:cdpVersion: 122.0.2365.59, setWindowRect: true, strictFileInteractability: false, timeouts: {implicit: 0, pageLoad: 300000, script: 30000}, unhandledPromptBehavior: dismiss and notify, webauthn:extension:credBlob: true, webauthn:extension:largeBlob: true, webauthn:extension:minPinLength: true, webauthn:extension:prf: true, webauthn:virtualAuthenticators: true}
Session ID: 5f66e34ca1b51ea0b4c82e4315e2581e
at org.openqa.selenium.remote.ErrorCodec.decode(ErrorCodec.java:167)
at org.openqa.selenium.remote.codec.w3c.W3CHttpResponseCodec.decode(W3CHttpResponseCodec.java:138)
at org.openqa.selenium.remote.codec.w3c.W3CHttpResponseCodec.decode(W3CHttpResponseCodec.java:50)
at org.openqa.selenium.remote.HttpCommandExecutor.execute(HttpCommandExecutor.java:190)
at org.openqa.selenium.remote.service.DriverCommandExecutor.invokeExecute(DriverCommandExecutor.java:216)
at org.openqa.selenium.remote.service.DriverCommandExecutor.execute(DriverCommandExecutor.java:174)
at org.openqa.selenium.remote.RemoteWebDriver.execute(RemoteWebDriver.java:519)
at org.openqa.selenium.remote.ElementLocation$ElementFinder$2.findElement(ElementLocation.java:165)
at org.openqa.selenium.remote.ElementLocation.findElement(ElementLocation.java:59)
at org.openqa.selenium.remote.RemoteWebDriver.findElement(RemoteWebDriver.java:356)
at org.openqa.selenium.remote.RemoteWebDriver.findElement(RemoteWebDriver.java:350)
at org.openqa.selenium.support.pagefactory.DefaultElementLocator.findElement(DefaultElementLocator.java:68)
at org.openqa.selenium.support.pagefactory.internal.LocatingElementHandler.invoke(LocatingElementHandler.java:38)
at jdk.proxy2/jdk.proxy2.$Proxy26.isDisplayed(Unknown Source)
at org.openqa.selenium.support.ui.ExpectedConditions.elementIfVisible(ExpectedConditions.java:304)
at org.openqa.selenium.support.ui.ExpectedConditions$10.apply(ExpectedConditions.java:290)
at org.openqa.selenium.support.ui.ExpectedConditions$10.apply(ExpectedConditions.java:287)
at org.openqa.selenium.support.ui.FluentWait.until(FluentWait.java:203)
... 34 more
... Removed 36 stack frames]]>
    </failure>
  </testcase> <!-- validateThankYouMessage -->
</testsuite> <!-- SearchFilters -->
